<?xml version="1.0" encoding="UTF-8"?>
<!-- Generated by org.testng.reporters.JUnitXMLReporter -->
<testsuite ignored="1" hostname="LAPTOP-EBL30HHN" failures="0" tests="2" name="chromeTest" time="4.247" errors="0" timestamp="2024-08-27T14:41:38 IST">
  <testcase classname="BadBlood.Tests.TestHomePage" name="test1" time="0.261"/>
  <testcase classname="BadBlood.Tests.TestHomePage" name="test1" time="0.252"/>
  <testcase classname="BadBlood.Tests.TestHomePage" name="test2" time="0.0">
    <ignored/>
  </testcase> <!-- test2 -->
</testsuite> <!-- chromeTest -->
