<?xml version="1.0" encoding="UTF-8"?>
<testng-results ignored="0" total="2" passed="2" failed="0" skipped="0">
  <reporter-output>
  </reporter-output>
  <suite started-at="2024-08-27T14:41:34 IST" name="Suite" finished-at="2024-08-27T14:41:38 IST" duration-ms="4247">
    <groups>
      <group name="smoke">
        <method signature="TestHomePage.test1(java.util.HashMap)[pri:0, instance:BadBlood.Tests.TestHomePage@2b76ff4e]" name="test1" class="BadBlood.Tests.TestHomePage"/>
      </group> <!-- smoke -->
    </groups>
    <test started-at="2024-08-27T14:41:34 IST" name="chromeTest" finished-at="2024-08-27T14:41:38 IST" duration-ms="4247">
      <class name="BadBlood.Tests.TestHomePage">
        <test-method is-config="true" signature="launch(java.lang.String)[pri:0, instance:BadBlood.Tests.TestHomePage@2b76ff4e]" started-at="2024-08-27T14:41:34 IST" name="launch" finished-at="2024-08-27T14:41:36 IST" duration-ms="1907" status="PASS">
          <params>
            <param index="0">
              <value>
                <![CDATA[chrome]]>
              </value>
            </param>
          </params>
          <reporter-output>
          </reporter-output>
        </test-method> <!-- launch -->
        <test-method signature="test1(java.util.HashMap)[pri:0, instance:BadBlood.Tests.TestHomePage@2b76ff4e]" started-at="2024-08-27T14:41:36 IST" name="test1" data-provider="dataprovider" finished-at="2024-08-27T14:41:36 IST" duration-ms="261" status="PASS">
          <params>
            <param index="0">
              <value>
                <![CDATA[{pass=Anu@1234, email=anu@example.com}]]>
              </value>
            </param>
          </params>
          <reporter-output>
          </reporter-output>
        </test-method> <!-- test1 -->
        <test-method is-config="true" signature="terminateBrowser()[pri:0, instance:BadBlood.Tests.TestHomePage@2b76ff4e]" started-at="2024-08-27T14:41:36 IST" name="terminateBrowser" finished-at="2024-08-27T14:41:36 IST" duration-ms="145" status="PASS">
          <reporter-output>
          </reporter-output>
        </test-method> <!-- terminateBrowser -->
        <test-method is-config="true" signature="launch(java.lang.String)[pri:0, instance:BadBlood.Tests.TestHomePage@2b76ff4e]" started-at="2024-08-27T14:41:36 IST" name="launch" finished-at="2024-08-27T14:41:37 IST" duration-ms="1508" status="PASS">
          <params>
            <param index="0">
              <value>
                <![CDATA[chrome]]>
              </value>
            </param>
          </params>
          <reporter-output>
          </reporter-output>
        </test-method> <!-- launch -->
        <test-method signature="test1(java.util.HashMap)[pri:0, instance:BadBlood.Tests.TestHomePage@2b76ff4e]" started-at="2024-08-27T14:41:37 IST" name="test1" data-provider="dataprovider" finished-at="2024-08-27T14:41:38 IST" duration-ms="252" status="PASS">
          <params>
            <param index="0">
              <value>
                <![CDATA[{pass=Anu@1234, email=anu@example.com}]]>
              </value>
            </param>
          </params>
          <reporter-output>
          </reporter-output>
        </test-method> <!-- test1 -->
        <test-method is-config="true" signature="terminateBrowser()[pri:0, instance:BadBlood.Tests.TestHomePage@2b76ff4e]" started-at="2024-08-27T14:41:38 IST" name="terminateBrowser" finished-at="2024-08-27T14:41:38 IST" duration-ms="123" status="PASS">
          <reporter-output>
          </reporter-output>
        </test-method> <!-- terminateBrowser -->
      </class> <!-- BadBlood.Tests.TestHomePage -->
    </test> <!-- chromeTest -->
  </suite> <!-- Suite -->
</testng-results>
